\BOOKMARK [0][]{chapter.1}{Introduction To Organisation}{}
\BOOKMARK [0][]{chapter.2}{LaTeX}{}
\BOOKMARK [1][]{section.2.1}{Introduction to LaTeX}{chapter.2}
\BOOKMARK [1][]{section.2.2}{Typesetting}{chapter.2}
\BOOKMARK [0][]{chapter.3}{Introduction To Project}{}
\BOOKMARK [1][]{section.3.1}{The Existing System}{chapter.3}
\BOOKMARK [1][]{section.3.2}{Software Functions Provided in Proposed system}{chapter.3}
\BOOKMARK [1][]{section.3.3}{Introduction to Automation}{chapter.3}
\BOOKMARK [1][]{section.3.4}{Special Terms Used}{chapter.3}
\BOOKMARK [0][]{chapter.4}{Requirements and Analysis}{}
\BOOKMARK [1][]{section.4.1}{Feasibility Analysis}{chapter.4}
\BOOKMARK [1][]{section.4.2}{Software Requirement Analysis}{chapter.4}
\BOOKMARK [2][]{subsection.4.2.1}{Functional Requiremets}{section.4.2}
\BOOKMARK [2][]{subsection.4.2.2}{Non functional requirements}{section.4.2}
\BOOKMARK [0][]{chapter.5}{Technologies Used}{}
\BOOKMARK [1][]{section.5.1}{Introduction to Django}{chapter.5}
\BOOKMARK [2][]{subsection.5.1.1}{Features of Django}{section.5.1}
\BOOKMARK [2][]{subsection.5.1.2}{Installation of Django}{section.5.1}
\BOOKMARK [2][]{subsection.5.1.3}{MTV}{section.5.1}
\BOOKMARK [2][]{subsection.5.1.4}{Creating Prject in Django}{section.5.1}
\BOOKMARK [2][]{subsection.5.1.5}{Development Server in Django}{section.5.1}
\BOOKMARK [2][]{subsection.5.1.6}{Database setup}{section.5.1}
\BOOKMARK [1][]{section.5.2}{Introduction to Python}{chapter.5}
\BOOKMARK [2][]{subsection.5.2.1}{Features of Python}{section.5.2}
\BOOKMARK [2][]{subsection.5.2.2}{Installation of Python}{section.5.2}
\BOOKMARK [1][]{section.5.3}{MySQL Database Server}{chapter.5}
\BOOKMARK [2][]{subsection.5.3.1}{Features of MySQL}{section.5.3}
\BOOKMARK [2][]{subsection.5.3.2}{Installation of MySQL}{section.5.3}
\BOOKMARK [1][]{section.5.4}{Introduction to Apache Web Server}{chapter.5}
\BOOKMARK [2][]{subsection.5.4.1}{Features of Apache Server}{section.5.4}
\BOOKMARK [2][]{subsection.5.4.2}{Installation of Apache Server}{section.5.4}
\BOOKMARK [1][]{section.5.5}{Introduction to Doxygen}{chapter.5}
\BOOKMARK [2][]{subsection.5.5.1}{Features of Doxygen}{section.5.5}
\BOOKMARK [2][]{subsection.5.5.2}{Installation of Doxygen}{section.5.5}
\BOOKMARK [0][]{chapter.6}{Design}{}
\BOOKMARK [1][]{section.6.1}{System Design}{chapter.6}
\BOOKMARK [1][]{section.6.2}{Design Notations}{chapter.6}
\BOOKMARK [1][]{section.6.3}{Database Design}{chapter.6}
\BOOKMARK [0][]{chapter.7}{Implementation}{}
\BOOKMARK [1][]{section.7.1}{Implementation of the Project }{chapter.7}
\BOOKMARK [2][]{subsection.7.1.1}{Conversion Plan}{section.7.1}
\BOOKMARK [2][]{subsection.7.1.2}{Conversion Processes}{section.7.1}
\BOOKMARK [2][]{subsection.7.1.3}{Elements of User training}{section.7.1}
\BOOKMARK [1][]{section.7.2}{Post-Implementation and Software Maintenance}{chapter.7}
\BOOKMARK [2][]{subsection.7.2.1}{Review Plan}{section.7.2}
\BOOKMARK [2][]{subsection.7.2.2}{Maintenance}{section.7.2}
\BOOKMARK [1][]{section.7.3}{Screenshots}{chapter.7}
\BOOKMARK [0][]{chapter.8}{Prject Legacy}{}
\BOOKMARK [1][]{section.8.1}{Technical and Managerial Lesson Learnt}{chapter.8}
\BOOKMARK [1][]{section.8.2}{Current status}{chapter.8}
\BOOKMARK [1][]{section.8.3}{Future Scope}{chapter.8}
